<?xml version="1.0" encoding="UTF-8"?>
<!-- Generated by org.testng.reporters.JUnitReportReporter -->
<testsuite skipped="0" hostname="SONY-VAIO" name="advanceReporting.AdvanceReport_1" tests="1" failures="0" timestamp="23 Jan 2018 18:04:51 GMT" time="32.927" errors="0">
  <testcase name="verifyTitle" time="32.927" classname="advanceReporting.AdvanceReport_1"/>
</testsuite> <!-- advanceReporting.AdvanceReport_1 -->
