<?xml version="1.0" encoding="UTF-8"?>
<!-- Generated by org.testng.reporters.JUnitReportReporter -->
<testsuite skipped="0" hostname="SONY-VAIO" name="assertDemo.VerifyErrorMessage_2" tests="1" failures="0" timestamp="27 Dec 2017 11:28:39 GMT" time="33.867" errors="0">
  <testcase name="myTest" time="33.867" classname="assertDemo.VerifyErrorMessage_2"/>
</testsuite> <!-- assertDemo.VerifyErrorMessage_2 -->
