<?xml version="1.0" encoding="UTF-8"?>
<!-- Generated by org.testng.reporters.JUnitReportReporter -->
<testsuite skipped="0" hostname="SONY-VAIO" name="configurationDemo.ChromeTesting" tests="1" failures="0" timestamp="22 Jan 2018 14:58:46 GMT" time="12.019" errors="0">
  <testcase name="testChrome" time="12.019" classname="configurationDemo.ChromeTesting"/>
</testsuite> <!-- configurationDemo.ChromeTesting -->
