<?xml version="1.0" encoding="UTF-8"?>
<!-- Generated by org.testng.reporters.JUnitReportReporter -->
<testsuite skipped="0" hostname="SONY-VAIO" name="random.HighlightGooglePage" tests="1" failures="0" timestamp="31 Dec 2017 08:22:23 GMT" time="19.488" errors="0">
  <testcase name="m1" time="19.488" classname="random.HighlightGooglePage"/>
</testsuite> <!-- random.HighlightGooglePage -->
