<?xml version="1.0" encoding="UTF-8"?>
<!-- Generated by org.testng.reporters.JUnitReportReporter -->
<testsuite skipped="0" hostname="SONY-VAIO" name="elementNotClickableCases.loginScript_HRM_Using_ActionClass" tests="1" failures="0" timestamp="19 Jan 2018 08:08:29 GMT" time="24.396" errors="0">
  <testcase name="loginToHRM" time="24.396" classname="elementNotClickableCases.loginScript_HRM_Using_ActionClass"/>
</testsuite> <!-- elementNotClickableCases.loginScript_HRM_Using_ActionClass -->
