<?xml version="1.0" encoding="UTF-8"?>
<!-- Generated by org.testng.reporters.JUnitReportReporter -->
<testsuite skipped="0" hostname="SONY-VAIO" name="elementNotClickableCases.loginScript_HRM" tests="1" failures="0" timestamp="19 Jan 2018 08:18:58 GMT" time="204.619" errors="0">
  <testcase name="loginToHRM" time="204.619" classname="elementNotClickableCases.loginScript_HRM"/>
</testsuite> <!-- elementNotClickableCases.loginScript_HRM -->
