<?xml version="1.0" encoding="UTF-8"?>
<!-- Generated by org.testng.reporters.JUnitReportReporter -->
<testsuite skipped="1" hostname="SONY-VAIO" name="autoIt.UploadFileUsingAutoIt" tests="2" failures="0" timestamp="08 Jan 2018 16:08:09 GMT" time="7.794" errors="0">
  <testcase name="onChrome" time="7.794" classname="autoIt.UploadFileUsingAutoIt"/>
  <testcase name="onFirefox" classname="autoIt.UploadFileUsingAutoIt">
    <skipped/>
  </testcase> <!-- onFirefox -->
</testsuite> <!-- autoIt.UploadFileUsingAutoIt -->
