<?xml version="1.0" encoding="UTF-8"?>
<!-- Generated by org.testng.reporters.JUnitReportReporter -->
<testsuite skipped="0" hostname="SONY-VAIO" name="baseClassConcept.loginScript_HRM" tests="2" failures="0" timestamp="22 Jan 2018 16:00:04 GMT" time="5.906" errors="0">
  <testcase name="InvalidloginToApplication" time="2.245" classname="baseClassConcept.loginScript_HRM"/>
  <testcase name="ValidloginToApplication" time="3.661" classname="baseClassConcept.loginScript_HRM"/>
</testsuite> <!-- baseClassConcept.loginScript_HRM -->
