<?xml version="1.0" encoding="UTF-8"?>
<!-- Generated by org.testng.reporters.JUnitReportReporter -->
<testsuite skipped="0" hostname="SONY-VAIO" name="random.XMLdemo" tests="1" failures="0" timestamp="30 Jan 2018 14:36:21 GMT" time="0.013" errors="0">
  <testcase name="displayResult" time="0.013" classname="random.XMLdemo"/>
</testsuite> <!-- random.XMLdemo -->
