<?xml version="1.0" encoding="UTF-8"?>
<!-- Generated by org.testng.reporters.JUnitReportReporter -->
<testsuite skipped="0" hostname="SONY-VAIO" name="testNG_Classes.TestCase_2" tests="1" failures="0" timestamp="11 Jan 2018 16:18:38 GMT" time="0.002" errors="0">
  <testcase name="GmailTest" time="0.002" classname="testNG_Classes.TestCase_2"/>
</testsuite> <!-- testNG_Classes.TestCase_2 -->
