<?xml version="1.0" encoding="UTF-8"?>
<!-- Generated by org.testng.reporters.JUnitReportReporter -->
<testsuite skipped="0" hostname="SONY-VAIO" name="configurationDemo.TestPropertyFile" tests="1" failures="0" timestamp="22 Jan 2018 13:22:27 GMT" time="0.022" errors="0">
  <testcase name="testConfig" time="0.022" classname="configurationDemo.TestPropertyFile"/>
</testsuite> <!-- configurationDemo.TestPropertyFile -->
