<?xml version="1.0" encoding="UTF-8"?>
<!-- Generated by org.testng.reporters.JUnitReportReporter -->
<testsuite skipped="1" hostname="SONY-VAIO" name="dropdownDemo.SelectFacebookDropDown" tests="2" failures="0" timestamp="19 Jan 2018 09:13:30 GMT" time="53.257" errors="0">
  <testcase name="dynamicDOB_Selection" time="53.257" classname="dropdownDemo.SelectFacebookDropDown"/>
  <testcase name="staticDOB_Selection" classname="dropdownDemo.SelectFacebookDropDown">
    <skipped/>
  </testcase> <!-- staticDOB_Selection -->
</testsuite> <!-- dropdownDemo.SelectFacebookDropDown -->
