<?xml version="1.0" encoding="UTF-8"?>
<!-- Generated by org.testng.reporters.JUnitReportReporter -->
<testsuite skipped="0" hostname="SONY-VAIO" name="scroll.Scroll_into_View" tests="1" failures="0" timestamp="28 Dec 2017 16:21:09 GMT" time="55.678" errors="0">
  <testcase name="ScrollMYView" time="55.678" classname="scroll.Scroll_into_View"/>
</testsuite> <!-- scroll.Scroll_into_View -->
