<?xml version="1.0" encoding="UTF-8"?>
<!-- Generated by org.testng.reporters.JUnitReportReporter -->
<testsuite skipped="0" hostname="SONY-VAIO" name="scroll.ScrollPage" tests="1" failures="0" timestamp="28 Dec 2017 07:33:00 GMT" time="13.312" errors="0">
  <testcase name="ScrollPageDown" time="13.312" classname="scroll.ScrollPage"/>
</testsuite> <!-- scroll.ScrollPage -->
