<?xml version="1.0" encoding="UTF-8"?>
<!-- Generated by org.testng.reporters.JUnitReportReporter -->
<testsuite skipped="0" hostname="SONY-VAIO" name="windowsHandling.MultipleWindows_Or_Popups" tests="1" failures="0" timestamp="06 Jan 2018 11:40:58 GMT" time="43.010" errors="0">
  <testcase name="naukriDotCom" time="43.010" classname="windowsHandling.MultipleWindows_Or_Popups"/>
</testsuite> <!-- windowsHandling.MultipleWindows_Or_Popups -->
