<?xml version="1.0" encoding="UTF-8"?>
<!-- Generated by org.testng.reporters.JUnitReportReporter -->
<testsuite skipped="0" hostname="SONY-VAIO" name="windowsHandling.Firefox_UntrustedCertificateIssue" tests="1" failures="0" timestamp="07 Jan 2018 14:39:36 GMT" time="8.353" errors="0">
  <testcase name="certificateIssue" time="8.353" classname="windowsHandling.Firefox_UntrustedCertificateIssue"/>
</testsuite> <!-- windowsHandling.Firefox_UntrustedCertificateIssue -->
