<?xml version="1.0" encoding="UTF-8"?>
<!-- Generated by org.testng.reporters.JUnitReportReporter -->
<testsuite skipped="0" hostname="SONY-VAIO" name="bootStrap.BootStrapLogin" tests="1" failures="0" timestamp="31 Dec 2017 12:46:40 GMT" time="36.570" errors="0">
  <testcase name="ModalWindow" time="36.570" classname="bootStrap.BootStrapLogin"/>
</testsuite> <!-- bootStrap.BootStrapLogin -->
