<?xml version="1.0" encoding="UTF-8"?>
<!-- Generated by org.testng.reporters.JUnitReportReporter -->
<testsuite skipped="0" hostname="SONY-VAIO" name="com.wordpress.TestCases.LoginWordPress" tests="1" failures="0" timestamp="12 Jan 2018 13:48:07 GMT" time="50.699" errors="0">
  <testcase name="WordPressLogin" time="50.699" classname="com.wordpress.TestCases.LoginWordPress"/>
</testsuite> <!-- com.wordpress.TestCases.LoginWordPress -->
