<?xml version="1.0" encoding="UTF-8"?>
<!-- Generated by org.testng.reporters.JUnitReportReporter -->
<testsuite skipped="0" hostname="SONY-VAIO" name="assertDemo.FireFoxTest" tests="1" failures="0" timestamp="25 Dec 2017 16:16:50 GMT" time="31.029" errors="0">
  <testcase name="test" time="31.029" classname="assertDemo.FireFoxTest"/>
</testsuite> <!-- assertDemo.FireFoxTest -->
