<?xml version="1.0" encoding="UTF-8"?>
<!-- Generated by org.testng.reporters.JUnitReportReporter -->
<testsuite skipped="0" hostname="SONY-VAIO" name="webTable.DatePickerDemo" tests="1" failures="0" timestamp="10 Jan 2018 09:13:46 GMT" time="32.004" errors="0">
  <testcase name="RedBus_Calender_StaticWay" time="32.004" classname="webTable.DatePickerDemo"/>
</testsuite> <!-- webTable.DatePickerDemo -->
