<?xml version="1.0" encoding="UTF-8"?>
<!-- Generated by org.testng.reporters.JUnitReportReporter -->
<testsuite skipped="0" hostname="SONY-VAIO" name="random.GenerateLog" tests="1" failures="0" timestamp="09 Jan 2018 08:01:35 GMT" time="85.127" errors="0">
  <testcase name="GmailLoginWithLogger" time="85.127" classname="random.GenerateLog"/>
</testsuite> <!-- random.GenerateLog -->
