<?xml version="1.0" encoding="UTF-8"?>
<!-- Generated by org.testng.reporters.JUnitReportReporter -->
<testsuite skipped="0" hostname="SONY-VAIO" name="baseClassConcept.loginScript_facebook" tests="1" failures="0" timestamp="19 Jan 2018 07:09:45 GMT" time="32.015" errors="0">
  <testcase name="loginToHRM" time="32.015" classname="baseClassConcept.loginScript_facebook"/>
</testsuite> <!-- baseClassConcept.loginScript_facebook -->
