<?xml version="1.0" encoding="UTF-8"?>
<!-- Generated by org.testng.reporters.JUnitReportReporter -->
<testsuite skipped="0" hostname="SONY-VAIO" name="testNG_Classes.TestCase_3" tests="1" failures="0" timestamp="11 Jan 2018 16:37:21 GMT" time="0.016" errors="0">
  <testcase name="TwitterTest" time="0.016" classname="testNG_Classes.TestCase_3"/>
</testsuite> <!-- testNG_Classes.TestCase_3 -->
